<?xml version="1.0" encoding="UTF-8"?>
<testsuite name="com.localhost.productinfo.ProductCURDTestWithSteps" time="1.542" tests="4" errors="0" skipped="0" failures="0">
  <properties>
[...]
</properties>
  <testcase name="test001" classname="com.localhost.productinfo.ProductCURDTestWithSteps" time="0.566"/>
  <testcase name="test002" classname="com.localhost.productinfo.ProductCURDTestWithSteps" time="0.123"/>
  <testcase name="test003" classname="com.localhost.productinfo.ProductCURDTestWithSteps" time="0.489"/>
  <testcase name="test004" classname="com.localhost.productinfo.ProductCURDTestWithSteps" time="0.364"/>
</testsuite>