<?xml version="1.0" encoding="UTF-8"?><testsuite errors="0" failures="0" name="com.localhost.categoriesinfo.CategoriesCURDTestWithSteps" skipped="0" tests="4" time="24.1" timestamp="2022-06-06T17:52:31.454+01:00[Europe/London]"><testcase classname="com.localhost.categoriesinfo.CategoriesCURDTestWithSteps" name="This will create a new Categories"/><testcase classname="com.localhost.categoriesinfo.CategoriesCURDTestWithSteps" name="Verify if the student was added to the application"/><testcase classname="com.localhost.categoriesinfo.CategoriesCURDTestWithSteps" name="Update the user information and verify the updated information"/><testcase classname="com.localhost.categoriesinfo.CategoriesCURDTestWithSteps" name="Delete the student and verify if the student is deleted!"/></testsuite>