<?xml version="1.0" encoding="UTF-8"?><testsuite errors="0" failures="0" name="com.localhost.productinfo.ProductCURDTestWithSteps" skipped="0" tests="4" time="1.52" timestamp="2022-06-06T17:53:02.814+01:00[Europe/London]"><testcase classname="com.localhost.productinfo.ProductCURDTestWithSteps" name="This will create a new product"/><testcase classname="com.localhost.productinfo.ProductCURDTestWithSteps" name="Verify if the product was added to the application"/><testcase classname="com.localhost.productinfo.ProductCURDTestWithSteps" name="Update the product information and verify the updated information"/><testcase classname="com.localhost.productinfo.ProductCURDTestWithSteps" name="Delete the product and verify if the student is deleted!"/></testsuite>