<?xml version="1.0" encoding="UTF-8"?><testsuite errors="0" failures="0" name="com.localhost.storeinfo.StoreCURDTestWithSteps" skipped="0" tests="4" time="1.12" timestamp="2022-06-06T17:53:06.529+01:00[Europe/London]"><testcase classname="com.localhost.storeinfo.StoreCURDTestWithSteps" name="This will create a new Store"/><testcase classname="com.localhost.storeinfo.StoreCURDTestWithSteps" name="Verify if the Store was added to the application"/><testcase classname="com.localhost.storeinfo.StoreCURDTestWithSteps" name="Update the store information and verify the updated information"/><testcase classname="com.localhost.storeinfo.StoreCURDTestWithSteps" name="Delete the store and verify if the store is deleted!"/></testsuite>