<?xml version="1.0" encoding="UTF-8"?><testsuite errors="0" failures="0" name="com.localhost.serviceinfo.ServicesCURDTestWithSteps" skipped="0" tests="4" time="1.09" timestamp="2022-06-06T17:53:04.987+01:00[Europe/London]"><testcase classname="com.localhost.serviceinfo.ServicesCURDTestWithSteps" name="This will create a new Services"/><testcase classname="com.localhost.serviceinfo.ServicesCURDTestWithSteps" name="Verify if the Services was added to the application"/><testcase classname="com.localhost.serviceinfo.ServicesCURDTestWithSteps" name="Update the services information and verify the updated information"/><testcase classname="com.localhost.serviceinfo.ServicesCURDTestWithSteps" name="Delete the services and verify if the services is deleted!"/></testsuite>